0 info it worked if it ends with ok
1 verbose cli [ '/usr/local/bin/node', '/usr/local/bin/npm', 'start' ]
2 info using npm@3.10.10
3 info using node@v6.9.4
4 verbose run-script [ 'prestart', 'start', 'poststart' ]
5 info lifecycle app@0.0.0~prestart: app@0.0.0
6 silly lifecycle app@0.0.0~prestart: no script for prestart, continuing
7 info lifecycle app@0.0.0~start: app@0.0.0
8 verbose lifecycle app@0.0.0~start: unsafe-perm in lifecycle true
9 verbose lifecycle app@0.0.0~start: PATH: /usr/local/lib/node_modules/npm/bin/node-gyp-bin:/usr/src/app/node_modules/.bin:/usr/local/sbin:/usr/local/bin:/usr/sbin:/usr/bin:/sbin:/bin
10 verbose lifecycle app@0.0.0~start: CWD: /usr/src/app
11 silly lifecycle app@0.0.0~start: Args: [ '-c', 'nodemon ./app.js' ]
12 info lifecycle app@0.0.0~start: Failed to exec start script
13 verbose stack Error: app@0.0.0 start: `nodemon ./app.js`
13 verbose stack spawn ENOENT
13 verbose stack     at ChildProcess.<anonymous> (/usr/local/lib/node_modules/npm/lib/utils/spawn.js:33:16)
13 verbose stack     at emitTwo (events.js:106:13)
13 verbose stack     at ChildProcess.emit (events.js:191:7)
13 verbose stack     at maybeClose (internal/child_process.js:877:16)
13 verbose stack     at Process.ChildProcess._handle.onexit (internal/child_process.js:226:5)
14 verbose pkgid app@0.0.0
15 verbose cwd /usr/src/app
16 error Linux 4.4.27-moby
17 error argv "/usr/local/bin/node" "/usr/local/bin/npm" "start"
18 error node v6.9.4
19 error npm  v3.10.10
20 error file sh
21 error code ELIFECYCLE
22 error errno ENOENT
23 error syscall spawn
24 error app@0.0.0 start: `nodemon ./app.js`
24 error spawn ENOENT
25 error Failed at the app@0.0.0 start script 'nodemon ./app.js'.
25 error Make sure you have the latest version of node.js and npm installed.
25 error If you do, this is most likely a problem with the app package,
25 error not with npm itself.
25 error Tell the author that this fails on your system:
25 error     nodemon ./app.js
25 error You can get information on how to open an issue for this project with:
25 error     npm bugs app
25 error Or if that isn't available, you can get their info via:
25 error     npm owner ls app
25 error There is likely additional logging output above.
26 verbose exit [ 1, true ]
